[debug] [2019-09-04T12:11:40.741Z] ----------------------------------------------------------------------
[debug] [2019-09-04T12:11:40.744Z] Command:       C:\Program Files\nodejs\node.exe C:\Users\user\AppData\Roaming\npm\node_modules\firebase-tools\lib\bin\firebase.js deploy
[debug] [2019-09-04T12:11:40.744Z] CLI Version:   7.2.2
[debug] [2019-09-04T12:11:40.744Z] Platform:      win32
[debug] [2019-09-04T12:11:40.744Z] Node Version:  v12.8.1
[debug] [2019-09-04T12:11:40.745Z] Time:          Wed Sep 04 2019 13:11:40 GMT+0100 (West Africa Standard Time)
[debug] [2019-09-04T12:11:40.745Z] ----------------------------------------------------------------------
[debug] 
[debug] [2019-09-04T12:11:40.753Z] > command requires scopes: ["email","openid","https://www.googleapis.com/auth/cloudplatformprojects.readonly","https://www.googleapis.com/auth/firebase","https://www.googleapis.com/auth/cloud-platform"]
[debug] [2019-09-04T12:11:40.753Z] > authorizing via signed-in user
[debug] [2019-09-04T12:11:40.754Z] [iam] checking project nadia-panel for permissions ["firebase.projects.get","firebasehosting.sites.update"]
[debug] [2019-09-04T12:11:40.755Z] >>> HTTP REQUEST POST https://cloudresourcemanager.googleapis.com/v1/projects/nadia-panel:testIamPermissions  

[debug] [2019-09-04T12:11:42.195Z] <<< HTTP RESPONSE 200
[debug] [2019-09-04T12:11:42.197Z] >>> HTTP REQUEST GET https://firebase.googleapis.com/v1beta1/projects/nadia-panel  
 
[debug] [2019-09-04T12:11:46.921Z] <<< HTTP RESPONSE 200
[info] 
[info] === Deploying to 'nadia-panel'...
[info] 
[info] i  deploying hosting
[debug] [2019-09-04T12:11:46.927Z] >>> HTTP REQUEST POST https://firebasehosting.googleapis.com/v1beta1/sites/nadia-panel/versions  

[debug] [2019-09-04T12:11:49.245Z] <<< HTTP RESPONSE 200
[info] i  hosting[nadia-panel]: beginning deploy...
[info] i  hosting[nadia-panel]: found 36 files in build
[debug] [2019-09-04T12:11:49.269Z] [hosting] hash cache [YnVpbGQ] load error: lines is not defined
